ERROR - 2022-12-05 03:21:38 --> Error connecting to the database: mysqli_sql_exception: No connection could be made because the target machine actively refused it.
 in E:\xampp\htdocs\CodeIgniter\Ci_APP1H\system\Database\MySQLi\Connection.php:171
Stack trace:
#0 E:\xampp\htdocs\CodeIgniter\Ci_APP1H\system\Database\MySQLi\Connection.php(171): mysqli->real_connect('localhost', 'root', '', 'ci4project1', 3306, '', 0)
#1 E:\xampp\htdocs\CodeIgniter\Ci_APP1H\system\Database\BaseConnection.php(382): CodeIgniter\Database\MySQLi\Connection->connect(false)
#2 E:\xampp\htdocs\CodeIgniter\Ci_APP1H\system\Database\BaseConnection.php(561): CodeIgniter\Database\BaseConnection->initialize()
#3 E:\xampp\htdocs\CodeIgniter\Ci_APP1H\system\Database\BaseBuilder.php(1585): CodeIgniter\Database\BaseConnection->query('SELECT *\nFROM `...', Array, false)
#4 E:\xampp\htdocs\CodeIgniter\Ci_APP1H\system\Model.php(223): CodeIgniter\Database\BaseBuilder->get()
#5 E:\xampp\htdocs\CodeIgniter\Ci_APP1H\system\BaseModel.php(585): CodeIgniter\Model->doFindAll(0, 0)
#6 E:\xampp\htdocs\CodeIgniter\Ci_APP1H\app\Controllers\UserCrud.php(14): CodeIgniter\BaseModel->findAll()
#7 E:\xampp\htdocs\CodeIgniter\Ci_APP1H\system\CodeIgniter.php(927): App\Controllers\UserCrud->index()
#8 E:\xampp\htdocs\CodeIgniter\Ci_APP1H\system\CodeIgniter.php(482): CodeIgniter\CodeIgniter->runController(Object(App\Controllers\UserCrud))
#9 E:\xampp\htdocs\CodeIgniter\Ci_APP1H\system\CodeIgniter.php(351): CodeIgniter\CodeIgniter->handleRequest(NULL, Object(Config\Cache), false)
#10 E:\xampp\htdocs\CodeIgniter\Ci_APP1H\public\index.php(67): CodeIgniter\CodeIgniter->run()
#11 E:\xampp\htdocs\CodeIgniter\Ci_APP1H\system\Commands\Server\rewrite.php(46): require_once('E:\\xampp\\htdocs...')
#12 {main}

Next CodeIgniter\Database\Exceptions\DatabaseException: No connection could be made because the target machine actively refused it.
 in E:\xampp\htdocs\CodeIgniter\Ci_APP1H\system\Database\MySQLi\Connection.php:215
Stack trace:
#0 E:\xampp\htdocs\CodeIgniter\Ci_APP1H\system\Database\BaseConnection.php(382): CodeIgniter\Database\MySQLi\Connection->connect(false)
#1 E:\xampp\htdocs\CodeIgniter\Ci_APP1H\system\Database\BaseConnection.php(561): CodeIgniter\Database\BaseConnection->initialize()
#2 E:\xampp\htdocs\CodeIgniter\Ci_APP1H\system\Database\BaseBuilder.php(1585): CodeIgniter\Database\BaseConnection->query('SELECT *\nFROM `...', Array, false)
#3 E:\xampp\htdocs\CodeIgniter\Ci_APP1H\system\Model.php(223): CodeIgniter\Database\BaseBuilder->get()
#4 E:\xampp\htdocs\CodeIgniter\Ci_APP1H\system\BaseModel.php(585): CodeIgniter\Model->doFindAll(0, 0)
#5 E:\xampp\htdocs\CodeIgniter\Ci_APP1H\app\Controllers\UserCrud.php(14): CodeIgniter\BaseModel->findAll()
#6 E:\xampp\htdocs\CodeIgniter\Ci_APP1H\system\CodeIgniter.php(927): App\Controllers\UserCrud->index()
#7 E:\xampp\htdocs\CodeIgniter\Ci_APP1H\system\CodeIgniter.php(482): CodeIgniter\CodeIgniter->runController(Object(App\Controllers\UserCrud))
#8 E:\xampp\htdocs\CodeIgniter\Ci_APP1H\system\CodeIgniter.php(351): CodeIgniter\CodeIgniter->handleRequest(NULL, Object(Config\Cache), false)
#9 E:\xampp\htdocs\CodeIgniter\Ci_APP1H\public\index.php(67): CodeIgniter\CodeIgniter->run()
#10 E:\xampp\htdocs\CodeIgniter\Ci_APP1H\system\Commands\Server\rewrite.php(46): require_once('E:\\xampp\\htdocs...')
#11 {main}
CRITICAL - 2022-12-05 03:21:38 --> Unable to connect to the database.
Main connection [MySQLi]: No connection could be made because the target machine actively refused it.

in SYSTEMPATH\Database\BaseConnection.php on line 418.
 1 SYSTEMPATH\Database\BaseConnection.php(561): CodeIgniter\Database\BaseConnection->initialize()
 2 SYSTEMPATH\Database\BaseBuilder.php(1585): CodeIgniter\Database\BaseConnection->query('SELECT *
FROM `users`
ORDER BY `id`', [], false)
 3 SYSTEMPATH\Model.php(223): CodeIgniter\Database\BaseBuilder->get()
 4 SYSTEMPATH\BaseModel.php(585): CodeIgniter\Model->doFindAll(0, 0)
 5 APPPATH\Controllers\UserCrud.php(14): CodeIgniter\BaseModel->findAll()
 6 SYSTEMPATH\CodeIgniter.php(927): App\Controllers\UserCrud->index()
 7 SYSTEMPATH\CodeIgniter.php(482): CodeIgniter\CodeIgniter->runController(Object(App\Controllers\UserCrud))
 8 SYSTEMPATH\CodeIgniter.php(351): CodeIgniter\CodeIgniter->handleRequest(null, Object(Config\Cache), false)
 9 FCPATH\index.php(67): CodeIgniter\CodeIgniter->run()
10 SYSTEMPATH\Commands\Server\rewrite.php(46): require_once('FCPATH\\index.php')
