ERROR - 2022-12-04 11:28:11 --> Error connecting to the database: mysqli_sql_exception: Access denied for user ''@'localhost' (using password: NO) in C:\xampp\htdocs\CodeIgniter_Home\Ci_APP1H\system\Database\MySQLi\Connection.php:171
Stack trace:
#0 C:\xampp\htdocs\CodeIgniter_Home\Ci_APP1H\system\Database\MySQLi\Connection.php(171): mysqli->real_connect('localhost', '', '', '', 3306, '', 0)
#1 C:\xampp\htdocs\CodeIgniter_Home\Ci_APP1H\system\Database\BaseConnection.php(382): CodeIgniter\Database\MySQLi\Connection->connect(false)
#2 C:\xampp\htdocs\CodeIgniter_Home\Ci_APP1H\system\Database\BaseConnection.php(561): CodeIgniter\Database\BaseConnection->initialize()
#3 C:\xampp\htdocs\CodeIgniter_Home\Ci_APP1H\system\Database\BaseBuilder.php(1585): CodeIgniter\Database\BaseConnection->query('SELECT *\nFROM `...', Array, false)
#4 C:\xampp\htdocs\CodeIgniter_Home\Ci_APP1H\system\Model.php(223): CodeIgniter\Database\BaseBuilder->get()
#5 C:\xampp\htdocs\CodeIgniter_Home\Ci_APP1H\system\BaseModel.php(585): CodeIgniter\Model->doFindAll(0, 0)
#6 C:\xampp\htdocs\CodeIgniter_Home\Ci_APP1H\app\Controllers\UserCrud.php(14): CodeIgniter\BaseModel->findAll()
#7 C:\xampp\htdocs\CodeIgniter_Home\Ci_APP1H\system\CodeIgniter.php(927): App\Controllers\UserCrud->index()
#8 C:\xampp\htdocs\CodeIgniter_Home\Ci_APP1H\system\CodeIgniter.php(482): CodeIgniter\CodeIgniter->runController(Object(App\Controllers\UserCrud))
#9 C:\xampp\htdocs\CodeIgniter_Home\Ci_APP1H\system\CodeIgniter.php(351): CodeIgniter\CodeIgniter->handleRequest(NULL, Object(Config\Cache), false)
#10 C:\xampp\htdocs\CodeIgniter_Home\Ci_APP1H\public\index.php(67): CodeIgniter\CodeIgniter->run()
#11 C:\xampp\htdocs\CodeIgniter_Home\Ci_APP1H\system\Commands\Server\rewrite.php(46): require_once('C:\\xampp\\htdocs...')
#12 {main}

Next CodeIgniter\Database\Exceptions\DatabaseException: Access denied for user ''@'localhost' (using password: NO) in C:\xampp\htdocs\CodeIgniter_Home\Ci_APP1H\system\Database\MySQLi\Connection.php:215
Stack trace:
#0 C:\xampp\htdocs\CodeIgniter_Home\Ci_APP1H\system\Database\BaseConnection.php(382): CodeIgniter\Database\MySQLi\Connection->connect(false)
#1 C:\xampp\htdocs\CodeIgniter_Home\Ci_APP1H\system\Database\BaseConnection.php(561): CodeIgniter\Database\BaseConnection->initialize()
#2 C:\xampp\htdocs\CodeIgniter_Home\Ci_APP1H\system\Database\BaseBuilder.php(1585): CodeIgniter\Database\BaseConnection->query('SELECT *\nFROM `...', Array, false)
#3 C:\xampp\htdocs\CodeIgniter_Home\Ci_APP1H\system\Model.php(223): CodeIgniter\Database\BaseBuilder->get()
#4 C:\xampp\htdocs\CodeIgniter_Home\Ci_APP1H\system\BaseModel.php(585): CodeIgniter\Model->doFindAll(0, 0)
#5 C:\xampp\htdocs\CodeIgniter_Home\Ci_APP1H\app\Controllers\UserCrud.php(14): CodeIgniter\BaseModel->findAll()
#6 C:\xampp\htdocs\CodeIgniter_Home\Ci_APP1H\system\CodeIgniter.php(927): App\Controllers\UserCrud->index()
#7 C:\xampp\htdocs\CodeIgniter_Home\Ci_APP1H\system\CodeIgniter.php(482): CodeIgniter\CodeIgniter->runController(Object(App\Controllers\UserCrud))
#8 C:\xampp\htdocs\CodeIgniter_Home\Ci_APP1H\system\CodeIgniter.php(351): CodeIgniter\CodeIgniter->handleRequest(NULL, Object(Config\Cache), false)
#9 C:\xampp\htdocs\CodeIgniter_Home\Ci_APP1H\public\index.php(67): CodeIgniter\CodeIgniter->run()
#10 C:\xampp\htdocs\CodeIgniter_Home\Ci_APP1H\system\Commands\Server\rewrite.php(46): require_once('C:\\xampp\\htdocs...')
#11 {main}
CRITICAL - 2022-12-04 11:28:11 --> Unable to connect to the database.
Main connection [MySQLi]: Access denied for user ''@'localhost' (using password: NO)
in SYSTEMPATH\Database\BaseConnection.php on line 418.
 1 SYSTEMPATH\Database\BaseConnection.php(561): CodeIgniter\Database\BaseConnection->initialize()
 2 SYSTEMPATH\Database\BaseBuilder.php(1585): CodeIgniter\Database\BaseConnection->query('SELECT *
FROM `users`
ORDER BY `id`', [], false)
 3 SYSTEMPATH\Model.php(223): CodeIgniter\Database\BaseBuilder->get()
 4 SYSTEMPATH\BaseModel.php(585): CodeIgniter\Model->doFindAll(0, 0)
 5 APPPATH\Controllers\UserCrud.php(14): CodeIgniter\BaseModel->findAll()
 6 SYSTEMPATH\CodeIgniter.php(927): App\Controllers\UserCrud->index()
 7 SYSTEMPATH\CodeIgniter.php(482): CodeIgniter\CodeIgniter->runController(Object(App\Controllers\UserCrud))
 8 SYSTEMPATH\CodeIgniter.php(351): CodeIgniter\CodeIgniter->handleRequest(null, Object(Config\Cache), false)
 9 FCPATH\index.php(67): CodeIgniter\CodeIgniter->run()
10 SYSTEMPATH\Commands\Server\rewrite.php(46): require_once('FCPATH\\index.php')
CRITICAL - 2022-12-04 20:38:07 --> Undefined variable $myusers
in APPPATH\Views\user_show.php on line 20.
 1 APPPATH\Views\user_show.php(20): CodeIgniter\Debug\Exceptions->errorHandler(2, 'Undefined variable $myusers', 'APPPATH\\Views\\user_show.php', 20)
 2 SYSTEMPATH\View\View.php(213): include('APPPATH\\Views\\user_show.php')
 3 SYSTEMPATH\View\View.php(216): CodeIgniter\View\View->CodeIgniter\View\{closure}()
 4 SYSTEMPATH\Common.php(1134): CodeIgniter\View\View->render('user_show', [], true)
 5 APPPATH\Controllers\UserCrud.php(16): view('user_show', [...])
 6 SYSTEMPATH\CodeIgniter.php(927): App\Controllers\UserCrud->index()
 7 SYSTEMPATH\CodeIgniter.php(482): CodeIgniter\CodeIgniter->runController(Object(App\Controllers\UserCrud))
 8 SYSTEMPATH\CodeIgniter.php(351): CodeIgniter\CodeIgniter->handleRequest(null, Object(Config\Cache), false)
 9 FCPATH\index.php(67): CodeIgniter\CodeIgniter->run()
10 SYSTEMPATH\Commands\Server\rewrite.php(46): require_once('FCPATH\\index.php')
CRITICAL - 2022-12-04 20:40:19 --> Undefined variable $myusers
in APPPATH\Views\user_show.php on line 20.
 1 APPPATH\Views\user_show.php(20): CodeIgniter\Debug\Exceptions->errorHandler(2, 'Undefined variable $myusers', 'APPPATH\\Views\\user_show.php', 20)
 2 SYSTEMPATH\View\View.php(213): include('APPPATH\\Views\\user_show.php')
 3 SYSTEMPATH\View\View.php(216): CodeIgniter\View\View->CodeIgniter\View\{closure}()
 4 SYSTEMPATH\Common.php(1134): CodeIgniter\View\View->render('user_show', [], true)
 5 APPPATH\Controllers\UserCrud.php(16): view('user_show', [...])
 6 SYSTEMPATH\CodeIgniter.php(927): App\Controllers\UserCrud->index()
 7 SYSTEMPATH\CodeIgniter.php(482): CodeIgniter\CodeIgniter->runController(Object(App\Controllers\UserCrud))
 8 SYSTEMPATH\CodeIgniter.php(351): CodeIgniter\CodeIgniter->handleRequest(null, Object(Config\Cache), false)
 9 FCPATH\index.php(67): CodeIgniter\CodeIgniter->run()
10 SYSTEMPATH\Commands\Server\rewrite.php(46): require_once('FCPATH\\index.php')
CRITICAL - 2022-12-04 20:40:57 --> Undefined variable $myUsers
in APPPATH\Views\user_show.php on line 20.
 1 APPPATH\Views\user_show.php(20): CodeIgniter\Debug\Exceptions->errorHandler(2, 'Undefined variable $myUsers', 'APPPATH\\Views\\user_show.php', 20)
 2 SYSTEMPATH\View\View.php(213): include('APPPATH\\Views\\user_show.php')
 3 SYSTEMPATH\View\View.php(216): CodeIgniter\View\View->CodeIgniter\View\{closure}()
 4 SYSTEMPATH\Common.php(1134): CodeIgniter\View\View->render('user_show', [], true)
 5 APPPATH\Controllers\UserCrud.php(16): view('user_show', [...])
 6 SYSTEMPATH\CodeIgniter.php(927): App\Controllers\UserCrud->index()
 7 SYSTEMPATH\CodeIgniter.php(482): CodeIgniter\CodeIgniter->runController(Object(App\Controllers\UserCrud))
 8 SYSTEMPATH\CodeIgniter.php(351): CodeIgniter\CodeIgniter->handleRequest(null, Object(Config\Cache), false)
 9 FCPATH\index.php(67): CodeIgniter\CodeIgniter->run()
10 SYSTEMPATH\Commands\Server\rewrite.php(46): require_once('FCPATH\\index.php')
